c:\users\mantz wyrick\onedrive\documents\computer science\visual studio 2015\projects\homework 122\pa 5\pa 5\debug\vc140.pdb
c:\users\mantz wyrick\onedrive\documents\computer science\visual studio 2015\projects\homework 122\pa 5\pa 5\debug\vc140.idb
c:\users\mantz wyrick\onedrive\documents\computer science\visual studio 2015\projects\homework 122\pa 5\pa 5\debug\main.obj
c:\users\mantz wyrick\onedrive\documents\computer science\visual studio 2015\projects\homework 122\pa 5\pa 5\debug\queuenode.obj
c:\users\mantz wyrick\onedrive\documents\computer science\visual studio 2015\projects\homework 122\pa 5\pa 5\debug\queue.obj
c:\users\mantz wyrick\onedrive\documents\computer science\visual studio 2015\projects\homework 122\pa 5\pa 5\debug\data.obj
c:\users\mantz wyrick\onedrive\documents\computer science\visual studio 2015\projects\homework 122\pa 5\pa 5\debug\tests.obj
c:\users\mwyrick\onedrive\documents\computer science\visual studio 2015\projects\homework 122\pa 5\pa 5\debug\vc142.pdb
c:\users\mwyrick\onedrive\documents\computer science\visual studio 2015\projects\homework 122\pa 5\pa 5\debug\vc142.idb
c:\users\mwyrick\onedrive\documents\computer science\visual studio 2015\projects\homework 122\pa 5\pa 5\debug\tests.obj
c:\users\mwyrick\onedrive\documents\computer science\visual studio 2015\projects\homework 122\pa 5\pa 5\debug\queuenode.obj
c:\users\mwyrick\onedrive\documents\computer science\visual studio 2015\projects\homework 122\pa 5\pa 5\debug\queue.obj
c:\users\mwyrick\onedrive\documents\computer science\visual studio 2015\projects\homework 122\pa 5\pa 5\debug\main.obj
c:\users\mwyrick\onedrive\documents\computer science\visual studio 2015\projects\homework 122\pa 5\pa 5\debug\data.obj
c:\users\mantz wyrick\onedrive\documents\computer science\visual studio 2015\projects\homework 122\pa 5\debug\pa 5.ilk
c:\users\mantz wyrick\onedrive\documents\computer science\visual studio 2015\projects\homework 122\pa 5\debug\pa 5.exe
c:\users\mantz wyrick\onedrive\documents\computer science\visual studio 2015\projects\homework 122\pa 5\debug\pa 5.pdb
c:\users\mwyrick\onedrive\documents\computer science\visual studio 2015\projects\homework 122\pa 5\debug\pa 5.ilk
c:\users\mwyrick\onedrive\documents\computer science\visual studio 2015\projects\homework 122\pa 5\debug\pa 5.exe
c:\users\mwyrick\onedrive\documents\computer science\visual studio 2015\projects\homework 122\pa 5\debug\pa 5.pdb
c:\users\mwyrick\onedrive\documents\computer science\visual studio 2015\projects\homework 122\pa 5\pa 5\debug\main.obj.enc
c:\users\mwyrick\onedrive\documents\computer science\visual studio 2015\projects\homework 122\pa 5\pa 5\debug\queue.obj.enc
c:\users\mwyrick\onedrive\documents\computer science\visual studio 2015\projects\homework 122\pa 5\pa 5\debug\vc140.idb
c:\users\mwyrick\onedrive\documents\computer science\visual studio 2015\projects\homework 122\pa 5\pa 5\debug\vc140.pdb
c:\users\mwyrick\onedrive\documents\computer science\visual studio 2015\projects\homework 122\pa 5\pa 5\debug\pa 5.tlog\cl.command.1.tlog
c:\users\mwyrick\onedrive\documents\computer science\visual studio 2015\projects\homework 122\pa 5\pa 5\debug\pa 5.tlog\cl.read.1.tlog
c:\users\mwyrick\onedrive\documents\computer science\visual studio 2015\projects\homework 122\pa 5\pa 5\debug\pa 5.tlog\cl.write.1.tlog
c:\users\mwyrick\onedrive\documents\computer science\visual studio 2015\projects\homework 122\pa 5\pa 5\debug\pa 5.tlog\link.command.1.tlog
c:\users\mwyrick\onedrive\documents\computer science\visual studio 2015\projects\homework 122\pa 5\pa 5\debug\pa 5.tlog\link.delete.1.tlog
c:\users\mwyrick\onedrive\documents\computer science\visual studio 2015\projects\homework 122\pa 5\pa 5\debug\pa 5.tlog\link.read.1.tlog
c:\users\mwyrick\onedrive\documents\computer science\visual studio 2015\projects\homework 122\pa 5\pa 5\debug\pa 5.tlog\link.write.1.tlog
