c:\users\mantz wyrick\onedrive\documents\computer science\visual studio 2015\projects\homework 122\pa 8\pa 8\debug\vc140.pdb
c:\users\mantz wyrick\onedrive\documents\computer science\visual studio 2015\projects\homework 122\pa 8\pa 8\debug\vc140.idb
c:\users\mantz wyrick\onedrive\documents\computer science\visual studio 2015\projects\homework 122\pa 8\pa 8\debug\main.obj
c:\users\mantz wyrick\onedrive\documents\computer science\visual studio 2015\projects\homework 122\pa 8\pa 8\debug\node.obj
c:\users\mantz wyrick\onedrive\documents\computer science\visual studio 2015\projects\homework 122\pa 8\pa 8\debug\bst.obj
c:\users\mantz wyrick\onedrive\documents\computer science\visual studio 2015\projects\homework 122\pa 8\pa 8\debug\dataanalysis.obj
c:\users\mantz wyrick\onedrive\documents\computer science\visual studio 2015\projects\homework 122\pa 8\pa 8\debug\transactionnode.obj
c:\users\mantz wyrick\onedrive\documents\computer science\visual studio 2015\projects\homework 122\pa 8\debug\pa 8.ilk
c:\users\mantz wyrick\onedrive\documents\computer science\visual studio 2015\projects\homework 122\pa 8\debug\pa 8.exe
c:\users\mantz wyrick\onedrive\documents\computer science\visual studio 2015\projects\homework 122\pa 8\debug\pa 8.pdb
c:\users\mwyrick\onedrive\documents\computer science\visual studio 2015\projects\homework 122\pa 8\pa 8\debug\bst.obj
c:\users\mwyrick\onedrive\documents\computer science\visual studio 2015\projects\homework 122\pa 8\pa 8\debug\dataanalysis.obj
c:\users\mwyrick\onedrive\documents\computer science\visual studio 2015\projects\homework 122\pa 8\pa 8\debug\main.obj
c:\users\mwyrick\onedrive\documents\computer science\visual studio 2015\projects\homework 122\pa 8\pa 8\debug\node.obj
c:\users\mwyrick\onedrive\documents\computer science\visual studio 2015\projects\homework 122\pa 8\pa 8\debug\transactionnode.obj
c:\users\mwyrick\onedrive\documents\computer science\visual studio 2015\projects\homework 122\pa 8\pa 8\debug\bst.obj.enc
c:\users\mwyrick\onedrive\documents\computer science\visual studio 2015\projects\homework 122\pa 8\pa 8\debug\dataanalysis.obj.enc
c:\users\mwyrick\onedrive\documents\computer science\visual studio 2015\projects\homework 122\pa 8\pa 8\debug\vc140.idb
c:\users\mwyrick\onedrive\documents\computer science\visual studio 2015\projects\homework 122\pa 8\pa 8\debug\vc140.pdb
c:\users\mwyrick\onedrive\documents\computer science\visual studio 2015\projects\homework 122\pa 8\pa 8\debug\pa 8.tlog\cl.command.1.tlog
c:\users\mwyrick\onedrive\documents\computer science\visual studio 2015\projects\homework 122\pa 8\pa 8\debug\pa 8.tlog\cl.read.1.tlog
c:\users\mwyrick\onedrive\documents\computer science\visual studio 2015\projects\homework 122\pa 8\pa 8\debug\pa 8.tlog\cl.write.1.tlog
c:\users\mwyrick\onedrive\documents\computer science\visual studio 2015\projects\homework 122\pa 8\pa 8\debug\pa 8.tlog\link.command.1.tlog
c:\users\mwyrick\onedrive\documents\computer science\visual studio 2015\projects\homework 122\pa 8\pa 8\debug\pa 8.tlog\link.read.1.tlog
c:\users\mwyrick\onedrive\documents\computer science\visual studio 2015\projects\homework 122\pa 8\pa 8\debug\pa 8.tlog\link.write.1.tlog
